<?xml version="1.0" encoding="utf-8"?><testsuites name="pytest tests"><testsuite name="pytest" errors="0" failures="0" skipped="0" tests="12" time="7.550" timestamp="2026-09-15T16:34:12.708859+00:00" hostname="agent-env-0821e378-a7ac-4441-8b8a-f8f9b47320bf"><testcase classname="tests.test_admin_drafts" name="test_public_products_still_12" time="0.354" /><testcase classname="tests.test_admin_drafts" name="test_public_draft_pdp_404" time="0.280" /><testcase classname="tests.test_admin_drafts" name="test_public_order_rejects_draft" time="0.636" /><testcase classname="tests.test_admin_drafts" name="test_public_order_accepts_published" time="0.186" /><testcase classname="tests.test_admin_drafts" name="test_admin_list_requires_token" time="0.124" /><testcase classname="tests.test_admin_drafts" name="test_admin_list_rejects_customer" time="0.179" /><testcase classname="tests.test_admin_drafts" name="test_admin_list_owner_returns_23" time="0.658" /><testcase classname="tests.test_admin_drafts" name="test_publish_lifecycle" time="1.219" /><testcase classname="tests.test_admin_drafts" name="test_image_management_full_flow" time="1.923" /><testcase classname="tests.test_admin_drafts" name="test_invalid_image_rejected" time="0.577" /><testcase classname="tests.test_admin_drafts" name="test_files_endpoint_serves_image" time="0.708" /><testcase classname="tests.test_admin_drafts" name="test_aqua_has_3_images" time="0.120" /></testsuite></testsuites>